-------------------------------------------------------------------------------->8
-------------------------------------------------------------------------------->8
[2023-05-19T12:45:48.482161921Z][docker-desktop-user-distro][I] syncContextStores <HOME>/.docker/contexts <-> /mnt/c/Users/tommy/.docker/contexts
[2023-05-19T12:45:48.623306363Z][docker-desktop-user-distro][I] syncContextStores <HOME>/.docker/contexts <-> /mnt/c/Users/tommy/.docker/contexts os.Symlink <HOME>/.docker/contexts -> /mnt/c/Users/tommy/.docker/contexts
-------------------------------------------------------------------------------->8
-------------------------------------------------------------------------------->8
[2023-05-19T12:45:50.910992030Z][docker-desktop-user-distro][I] linkPathToWindows windowsPath = /mnt/c/Users/tommy/.aws, linkPath = <HOME>/.aws
-------------------------------------------------------------------------------->8
-------------------------------------------------------------------------------->8
[2023-05-19T12:45:53.191731785Z][docker-desktop-user-distro][I] linkPathToWindows windowsPath = /mnt/c/Users/tommy/.azure, linkPath = <HOME>/.azure
-------------------------------------------------------------------------------->8
-------------------------------------------------------------------------------->8
[2023-05-19T12:45:55.265793562Z][docker-desktop-user-distro][I] linkPathToWindows windowsPath = /mnt/c/Users/tommy/.docker/features.json, linkPath = ~/.docker/features.json
-------------------------------------------------------------------------------->8
-------------------------------------------------------------------------------->8
[2023-05-19T12:47:06.091987458Z][docker-desktop-user-distro][I] syncContextStores <HOME>/.docker/contexts <-> /mnt/c/Users/tommy/.docker/contexts
[2023-05-19T12:47:06.107982858Z][docker-desktop-user-distro][I] syncContextStores <HOME>/.docker/contexts <-> /mnt/c/Users/tommy/.docker/contexts: syncNoop
-------------------------------------------------------------------------------->8
-------------------------------------------------------------------------------->8
[2023-05-19T12:47:07.808947087Z][docker-desktop-user-distro][I] linkPathToWindows windowsPath = /mnt/c/Users/tommy/.aws, linkPath = <HOME>/.aws
[2023-05-19T12:47:07.819144287Z][docker-desktop-user-distro][I] no need to symlink <HOME>/.aws to /mnt/c/Users/tommy/.aws: they are the same path already
-------------------------------------------------------------------------------->8
-------------------------------------------------------------------------------->8
[2023-05-19T12:47:09.698337019Z][docker-desktop-user-distro][I] linkPathToWindows windowsPath = /mnt/c/Users/tommy/.azure, linkPath = <HOME>/.azure
[2023-05-19T12:47:09.766680220Z][docker-desktop-user-distro][I] no need to symlink <HOME>/.azure to /mnt/c/Users/tommy/.azure: they are the same path already
-------------------------------------------------------------------------------->8
-------------------------------------------------------------------------------->8
[2023-05-19T12:47:11.810026326Z][docker-desktop-user-distro][I] linkPathToWindows windowsPath = /mnt/c/Users/tommy/.docker/features.json, linkPath = ~/.docker/features.json
-------------------------------------------------------------------------------->8
-------------------------------------------------------------------------------->8
[2023-05-20T11:43:56.417091492Z][docker-desktop-user-distro][I] syncContextStores <HOME>/.docker/contexts <-> /mnt/c/Users/tommy/.docker/contexts
[2023-05-20T11:43:56.486766010Z][docker-desktop-user-distro][I] syncContextStores <HOME>/.docker/contexts <-> /mnt/c/Users/tommy/.docker/contexts: syncNoop
-------------------------------------------------------------------------------->8
-------------------------------------------------------------------------------->8
[2023-05-20T11:43:58.603753245Z][docker-desktop-user-distro][I] linkPathToWindows windowsPath = /mnt/c/Users/tommy/.aws, linkPath = <HOME>/.aws
[2023-05-20T11:43:58.722390875Z][docker-desktop-user-distro][I] no need to symlink <HOME>/.aws to /mnt/c/Users/tommy/.aws: they are the same path already
-------------------------------------------------------------------------------->8
-------------------------------------------------------------------------------->8
[2023-05-20T11:44:00.827364408Z][docker-desktop-user-distro][I] linkPathToWindows windowsPath = /mnt/c/Users/tommy/.azure, linkPath = <HOME>/.azure
[2023-05-20T11:44:00.849995713Z][docker-desktop-user-distro][I] no need to symlink <HOME>/.azure to /mnt/c/Users/tommy/.azure: they are the same path already
-------------------------------------------------------------------------------->8
-------------------------------------------------------------------------------->8
[2023-05-20T11:44:03.063424517Z][docker-desktop-user-distro][I] linkPathToWindows windowsPath = /mnt/c/Users/tommy/.docker/features.json, linkPath = ~/.docker/features.json
-------------------------------------------------------------------------------->8
-------------------------------------------------------------------------------->8
[2023-05-20T11:45:11.222994095Z][docker-desktop-user-distro][I] syncContextStores <HOME>/.docker/contexts <-> /mnt/c/Users/tommy/.docker/contexts
[2023-05-20T11:45:11.234290598Z][docker-desktop-user-distro][I] syncContextStores <HOME>/.docker/contexts <-> /mnt/c/Users/tommy/.docker/contexts: syncNoop
-------------------------------------------------------------------------------->8
-------------------------------------------------------------------------------->8
[2023-05-20T11:45:12.978426967Z][docker-desktop-user-distro][I] linkPathToWindows windowsPath = /mnt/c/Users/tommy/.aws, linkPath = <HOME>/.aws
[2023-05-20T11:45:12.988669370Z][docker-desktop-user-distro][I] no need to symlink <HOME>/.aws to /mnt/c/Users/tommy/.aws: they are the same path already
-------------------------------------------------------------------------------->8
-------------------------------------------------------------------------------->8
[2023-05-20T11:45:14.690071091Z][docker-desktop-user-distro][I] linkPathToWindows windowsPath = /mnt/c/Users/tommy/.azure, linkPath = <HOME>/.azure
[2023-05-20T11:45:14.726332291Z][docker-desktop-user-distro][I] no need to symlink <HOME>/.azure to /mnt/c/Users/tommy/.azure: they are the same path already
-------------------------------------------------------------------------------->8
-------------------------------------------------------------------------------->8
[2023-05-20T11:45:16.382324189Z][docker-desktop-user-distro][I] linkPathToWindows windowsPath = /mnt/c/Users/tommy/.docker/features.json, linkPath = ~/.docker/features.json
-------------------------------------------------------------------------------->8
-------------------------------------------------------------------------------->8
[2023-05-20T22:35:04.600017941Z][docker-desktop-user-distro][I] syncContextStores <HOME>/.docker/contexts <-> /mnt/c/Users/tommy/.docker/contexts
[2023-05-20T22:35:04.627145443Z][docker-desktop-user-distro][I] syncContextStores <HOME>/.docker/contexts <-> /mnt/c/Users/tommy/.docker/contexts: syncNoop
-------------------------------------------------------------------------------->8
-------------------------------------------------------------------------------->8
[2023-05-20T22:35:06.373341665Z][docker-desktop-user-distro][I] linkPathToWindows windowsPath = /mnt/c/Users/tommy/.aws, linkPath = <HOME>/.aws
[2023-05-20T22:35:06.399289467Z][docker-desktop-user-distro][I] no need to symlink <HOME>/.aws to /mnt/c/Users/tommy/.aws: they are the same path already
-------------------------------------------------------------------------------->8
-------------------------------------------------------------------------------->8
[2023-05-20T22:35:08.150292114Z][docker-desktop-user-distro][I] linkPathToWindows windowsPath = /mnt/c/Users/tommy/.azure, linkPath = <HOME>/.azure
[2023-05-20T22:35:08.171985288Z][docker-desktop-user-distro][I] no need to symlink <HOME>/.azure to /mnt/c/Users/tommy/.azure: they are the same path already
-------------------------------------------------------------------------------->8
-------------------------------------------------------------------------------->8
[2023-05-20T22:35:10.138650430Z][docker-desktop-user-distro][I] linkPathToWindows windowsPath = /mnt/c/Users/tommy/.docker/features.json, linkPath = ~/.docker/features.json
-------------------------------------------------------------------------------->8
-------------------------------------------------------------------------------->8
[2023-05-21T13:57:09.393659940Z][docker-desktop-user-distro][I] syncContextStores <HOME>/.docker/contexts <-> /mnt/c/Users/tommy/.docker/contexts
[2023-05-21T13:57:09.432754718Z][docker-desktop-user-distro][I] syncContextStores <HOME>/.docker/contexts <-> /mnt/c/Users/tommy/.docker/contexts: syncNoop
-------------------------------------------------------------------------------->8
-------------------------------------------------------------------------------->8
[2023-05-21T13:57:11.043147104Z][docker-desktop-user-distro][I] linkPathToWindows windowsPath = /mnt/c/Users/tommy/.aws, linkPath = <HOME>/.aws
[2023-05-21T13:57:11.092793276Z][docker-desktop-user-distro][I] no need to symlink <HOME>/.aws to /mnt/c/Users/tommy/.aws: they are the same path already
-------------------------------------------------------------------------------->8
-------------------------------------------------------------------------------->8
[2023-05-21T13:57:12.743396739Z][docker-desktop-user-distro][I] linkPathToWindows windowsPath = /mnt/c/Users/tommy/.azure, linkPath = <HOME>/.azure
[2023-05-21T13:57:12.768794525Z][docker-desktop-user-distro][I] no need to symlink <HOME>/.azure to /mnt/c/Users/tommy/.azure: they are the same path already
-------------------------------------------------------------------------------->8
-------------------------------------------------------------------------------->8
[2023-05-21T13:57:14.535597523Z][docker-desktop-user-distro][I] linkPathToWindows windowsPath = /mnt/c/Users/tommy/.docker/features.json, linkPath = ~/.docker/features.json
-------------------------------------------------------------------------------->8
-------------------------------------------------------------------------------->8
[2023-05-22T12:28:13.757431344Z][docker-desktop-user-distro][I] syncContextStores <HOME>/.docker/contexts <-> /mnt/c/Users/tommy/.docker/contexts
[2023-05-22T12:28:14.402350973Z][docker-desktop-user-distro][I] syncContextStores <HOME>/.docker/contexts <-> /mnt/c/Users/tommy/.docker/contexts: syncNoop
-------------------------------------------------------------------------------->8
-------------------------------------------------------------------------------->8
[2023-05-22T12:28:21.300865473Z][docker-desktop-user-distro][I] linkPathToWindows windowsPath = /mnt/c/Users/tommy/.aws, linkPath = <HOME>/.aws
[2023-05-22T12:28:21.617864950Z][docker-desktop-user-distro][I] no need to symlink <HOME>/.aws to /mnt/c/Users/tommy/.aws: they are the same path already
-------------------------------------------------------------------------------->8
-------------------------------------------------------------------------------->8
[2023-05-22T12:28:26.792028789Z][docker-desktop-user-distro][I] linkPathToWindows windowsPath = /mnt/c/Users/tommy/.azure, linkPath = <HOME>/.azure
[2023-05-22T12:28:26.885474484Z][docker-desktop-user-distro][I] no need to symlink <HOME>/.azure to /mnt/c/Users/tommy/.azure: they are the same path already
-------------------------------------------------------------------------------->8
-------------------------------------------------------------------------------->8
[2023-05-22T12:28:29.430471527Z][docker-desktop-user-distro][I] linkPathToWindows windowsPath = /mnt/c/Users/tommy/.docker/features.json, linkPath = ~/.docker/features.json
-------------------------------------------------------------------------------->8
-------------------------------------------------------------------------------->8
[2023-05-23T12:24:22.673498946Z][docker-desktop-user-distro][I] syncContextStores <HOME>/.docker/contexts <-> /mnt/c/Users/tommy/.docker/contexts
[2023-05-23T12:24:22.841411546Z][docker-desktop-user-distro][I] syncContextStores <HOME>/.docker/contexts <-> /mnt/c/Users/tommy/.docker/contexts: syncNoop
-------------------------------------------------------------------------------->8
-------------------------------------------------------------------------------->8
[2023-05-23T12:24:25.115222034Z][docker-desktop-user-distro][I] linkPathToWindows windowsPath = /mnt/c/Users/tommy/.aws, linkPath = <HOME>/.aws
[2023-05-23T12:24:25.252038357Z][docker-desktop-user-distro][I] no need to symlink <HOME>/.aws to /mnt/c/Users/tommy/.aws: they are the same path already
-------------------------------------------------------------------------------->8
-------------------------------------------------------------------------------->8
[2023-05-23T12:24:27.736539481Z][docker-desktop-user-distro][I] linkPathToWindows windowsPath = /mnt/c/Users/tommy/.azure, linkPath = <HOME>/.azure
[2023-05-23T12:24:27.825836596Z][docker-desktop-user-distro][I] no need to symlink <HOME>/.azure to /mnt/c/Users/tommy/.azure: they are the same path already
-------------------------------------------------------------------------------->8
-------------------------------------------------------------------------------->8
[2023-05-23T12:24:29.654558208Z][docker-desktop-user-distro][I] linkPathToWindows windowsPath = /mnt/c/Users/tommy/.docker/features.json, linkPath = ~/.docker/features.json
-------------------------------------------------------------------------------->8
-------------------------------------------------------------------------------->8
[2023-05-24T07:10:51.621421553Z][docker-desktop-user-distro][I] syncContextStores <HOME>/.docker/contexts <-> /mnt/c/Users/tommy/.docker/contexts
[2023-05-24T07:10:51.654068752Z][docker-desktop-user-distro][I] syncContextStores <HOME>/.docker/contexts <-> /mnt/c/Users/tommy/.docker/contexts: syncNoop
-------------------------------------------------------------------------------->8
-------------------------------------------------------------------------------->8
[2023-05-24T07:10:53.151803996Z][docker-desktop-user-distro][I] linkPathToWindows windowsPath = /mnt/c/Users/tommy/.aws, linkPath = <HOME>/.aws
[2023-05-24T07:10:53.192957094Z][docker-desktop-user-distro][I] no need to symlink <HOME>/.aws to /mnt/c/Users/tommy/.aws: they are the same path already
-------------------------------------------------------------------------------->8
-------------------------------------------------------------------------------->8
[2023-05-24T07:10:54.903959930Z][docker-desktop-user-distro][I] linkPathToWindows windowsPath = /mnt/c/Users/tommy/.azure, linkPath = <HOME>/.azure
[2023-05-24T07:10:54.972557528Z][docker-desktop-user-distro][I] no need to symlink <HOME>/.azure to /mnt/c/Users/tommy/.azure: they are the same path already
-------------------------------------------------------------------------------->8
-------------------------------------------------------------------------------->8
[2023-05-24T07:10:56.649424965Z][docker-desktop-user-distro][I] linkPathToWindows windowsPath = /mnt/c/Users/tommy/.docker/features.json, linkPath = ~/.docker/features.json
-------------------------------------------------------------------------------->8
-------------------------------------------------------------------------------->8
[2023-05-25T11:40:00.378242505Z][docker-desktop-user-distro][I] syncContextStores <HOME>/.docker/contexts <-> /mnt/c/Users/tommy/.docker/contexts
[2023-05-25T11:40:00.420232892Z][docker-desktop-user-distro][I] syncContextStores <HOME>/.docker/contexts <-> /mnt/c/Users/tommy/.docker/contexts: syncNoop
-------------------------------------------------------------------------------->8
-------------------------------------------------------------------------------->8
[2023-05-25T11:40:02.684781108Z][docker-desktop-user-distro][I] linkPathToWindows windowsPath = /mnt/c/Users/tommy/.aws, linkPath = <HOME>/.aws
[2023-05-25T11:40:02.788713814Z][docker-desktop-user-distro][I] no need to symlink <HOME>/.aws to /mnt/c/Users/tommy/.aws: they are the same path already
-------------------------------------------------------------------------------->8
-------------------------------------------------------------------------------->8
[2023-05-25T11:40:04.778148021Z][docker-desktop-user-distro][I] linkPathToWindows windowsPath = /mnt/c/Users/tommy/.azure, linkPath = <HOME>/.azure
[2023-05-25T11:40:04.895671227Z][docker-desktop-user-distro][I] no need to symlink <HOME>/.azure to /mnt/c/Users/tommy/.azure: they are the same path already
-------------------------------------------------------------------------------->8
-------------------------------------------------------------------------------->8
[2023-05-25T11:40:07.314810658Z][docker-desktop-user-distro][I] linkPathToWindows windowsPath = /mnt/c/Users/tommy/.docker/features.json, linkPath = ~/.docker/features.json
-------------------------------------------------------------------------------->8
-------------------------------------------------------------------------------->8
[2023-05-25T21:51:16.044456645Z][docker-desktop-user-distro][I] syncContextStores <HOME>/.docker/contexts <-> /mnt/c/Users/tommy/.docker/contexts
[2023-05-25T21:51:16.174020540Z][docker-desktop-user-distro][I] syncContextStores <HOME>/.docker/contexts <-> /mnt/c/Users/tommy/.docker/contexts: syncNoop
-------------------------------------------------------------------------------->8
-------------------------------------------------------------------------------->8
[2023-05-25T21:51:19.455646608Z][docker-desktop-user-distro][I] linkPathToWindows windowsPath = /mnt/c/Users/tommy/.aws, linkPath = <HOME>/.aws
[2023-05-25T21:51:19.622230302Z][docker-desktop-user-distro][I] no need to symlink <HOME>/.aws to /mnt/c/Users/tommy/.aws: they are the same path already
-------------------------------------------------------------------------------->8
-------------------------------------------------------------------------------->8
[2023-05-25T21:51:22.181543360Z][docker-desktop-user-distro][I] linkPathToWindows windowsPath = /mnt/c/Users/tommy/.azure, linkPath = <HOME>/.azure
[2023-05-25T21:51:22.240421960Z][docker-desktop-user-distro][I] no need to symlink <HOME>/.azure to /mnt/c/Users/tommy/.azure: they are the same path already
-------------------------------------------------------------------------------->8
-------------------------------------------------------------------------------->8
[2023-05-25T21:51:25.108562463Z][docker-desktop-user-distro][I] linkPathToWindows windowsPath = /mnt/c/Users/tommy/.docker/features.json, linkPath = ~/.docker/features.json
-------------------------------------------------------------------------------->8
-------------------------------------------------------------------------------->8
[2023-05-26T11:40:27.520904124Z][docker-desktop-user-distro][I] syncContextStores <HOME>/.docker/contexts <-> /mnt/c/Users/tommy/.docker/contexts
[2023-05-26T11:40:27.573853718Z][docker-desktop-user-distro][I] syncContextStores <HOME>/.docker/contexts <-> /mnt/c/Users/tommy/.docker/contexts: syncNoop
-------------------------------------------------------------------------------->8
-------------------------------------------------------------------------------->8
[2023-05-26T11:40:29.816407854Z][docker-desktop-user-distro][I] linkPathToWindows windowsPath = /mnt/c/Users/tommy/.aws, linkPath = <HOME>/.aws
[2023-05-26T11:40:29.992583833Z][docker-desktop-user-distro][I] no need to symlink <HOME>/.aws to /mnt/c/Users/tommy/.aws: they are the same path already
-------------------------------------------------------------------------------->8
-------------------------------------------------------------------------------->8
[2023-05-26T11:40:32.310361660Z][docker-desktop-user-distro][I] linkPathToWindows windowsPath = /mnt/c/Users/tommy/.azure, linkPath = <HOME>/.azure
[2023-05-26T11:40:32.475465140Z][docker-desktop-user-distro][I] no need to symlink <HOME>/.azure to /mnt/c/Users/tommy/.azure: they are the same path already
-------------------------------------------------------------------------------->8
-------------------------------------------------------------------------------->8
[2023-05-26T11:40:34.696456279Z][docker-desktop-user-distro][I] linkPathToWindows windowsPath = /mnt/c/Users/tommy/.docker/features.json, linkPath = ~/.docker/features.json
-------------------------------------------------------------------------------->8
-------------------------------------------------------------------------------->8
[2023-05-26T23:11:29.431314083Z][docker-desktop-user-distro][I] syncContextStores <HOME>/.docker/contexts <-> /mnt/c/Users/tommy/.docker/contexts
[2023-05-26T23:11:29.459482892Z][docker-desktop-user-distro][I] syncContextStores <HOME>/.docker/contexts <-> /mnt/c/Users/tommy/.docker/contexts: syncNoop
-------------------------------------------------------------------------------->8
-------------------------------------------------------------------------------->8
[2023-05-26T23:11:31.697501076Z][docker-desktop-user-distro][I] linkPathToWindows windowsPath = /mnt/c/Users/tommy/.aws, linkPath = <HOME>/.aws
[2023-05-26T23:11:31.792363190Z][docker-desktop-user-distro][I] no need to symlink <HOME>/.aws to /mnt/c/Users/tommy/.aws: they are the same path already
-------------------------------------------------------------------------------->8
-------------------------------------------------------------------------------->8
[2023-05-26T23:11:35.380313415Z][docker-desktop-user-distro][I] linkPathToWindows windowsPath = /mnt/c/Users/tommy/.azure, linkPath = <HOME>/.azure
[2023-05-26T23:11:35.424728422Z][docker-desktop-user-distro][I] no need to symlink <HOME>/.azure to /mnt/c/Users/tommy/.azure: they are the same path already
-------------------------------------------------------------------------------->8
-------------------------------------------------------------------------------->8
[2023-05-26T23:11:39.191681837Z][docker-desktop-user-distro][I] linkPathToWindows windowsPath = /mnt/c/Users/tommy/.docker/features.json, linkPath = ~/.docker/features.json
-------------------------------------------------------------------------------->8
-------------------------------------------------------------------------------->8
[2023-05-28T11:48:57.873307011Z][docker-desktop-user-distro][I] syncContextStores <HOME>/.docker/contexts <-> /mnt/c/Users/tommy/.docker/contexts
[2023-05-28T11:48:57.945210397Z][docker-desktop-user-distro][I] syncContextStores <HOME>/.docker/contexts <-> /mnt/c/Users/tommy/.docker/contexts: syncNoop
-------------------------------------------------------------------------------->8
-------------------------------------------------------------------------------->8
[2023-05-28T11:48:59.920960199Z][docker-desktop-user-distro][I] linkPathToWindows windowsPath = /mnt/c/Users/tommy/.aws, linkPath = <HOME>/.aws
[2023-05-28T11:49:00.048453673Z][docker-desktop-user-distro][I] no need to symlink <HOME>/.aws to /mnt/c/Users/tommy/.aws: they are the same path already
-------------------------------------------------------------------------------->8
-------------------------------------------------------------------------------->8
[2023-05-28T11:49:02.620403700Z][docker-desktop-user-distro][I] linkPathToWindows windowsPath = /mnt/c/Users/tommy/.azure, linkPath = <HOME>/.azure
[2023-05-28T11:49:02.665109319Z][docker-desktop-user-distro][I] no need to symlink <HOME>/.azure to /mnt/c/Users/tommy/.azure: they are the same path already
-------------------------------------------------------------------------------->8
-------------------------------------------------------------------------------->8
[2023-05-28T11:49:04.999959899Z][docker-desktop-user-distro][I] linkPathToWindows windowsPath = /mnt/c/Users/tommy/.docker/features.json, linkPath = ~/.docker/features.json
-------------------------------------------------------------------------------->8
-------------------------------------------------------------------------------->8
[2023-05-29T11:33:51.303924729Z][docker-desktop-user-distro][I] syncContextStores <HOME>/.docker/contexts <-> /mnt/c/Users/tommy/.docker/contexts
[2023-05-29T11:33:51.338920040Z][docker-desktop-user-distro][I] syncContextStores <HOME>/.docker/contexts <-> /mnt/c/Users/tommy/.docker/contexts: syncNoop
-------------------------------------------------------------------------------->8
-------------------------------------------------------------------------------->8
[2023-05-29T11:33:52.900170301Z][docker-desktop-user-distro][I] linkPathToWindows windowsPath = /mnt/c/Users/tommy/.aws, linkPath = <HOME>/.aws
[2023-05-29T11:33:52.923172108Z][docker-desktop-user-distro][I] no need to symlink <HOME>/.aws to /mnt/c/Users/tommy/.aws: they are the same path already
-------------------------------------------------------------------------------->8
-------------------------------------------------------------------------------->8
[2023-05-29T11:33:54.635206614Z][docker-desktop-user-distro][I] linkPathToWindows windowsPath = /mnt/c/Users/tommy/.azure, linkPath = <HOME>/.azure
[2023-05-29T11:33:54.665920023Z][docker-desktop-user-distro][I] no need to symlink <HOME>/.azure to /mnt/c/Users/tommy/.azure: they are the same path already
-------------------------------------------------------------------------------->8
-------------------------------------------------------------------------------->8
[2023-05-29T11:33:56.382290331Z][docker-desktop-user-distro][I] linkPathToWindows windowsPath = /mnt/c/Users/tommy/.docker/features.json, linkPath = ~/.docker/features.json
-------------------------------------------------------------------------------->8
-------------------------------------------------------------------------------->8
[2023-05-30T11:59:14.601603521Z][docker-desktop-user-distro][I] syncContextStores <HOME>/.docker/contexts <-> /mnt/c/Users/tommy/.docker/contexts
[2023-05-30T11:59:14.642211104Z][docker-desktop-user-distro][I] syncContextStores <HOME>/.docker/contexts <-> /mnt/c/Users/tommy/.docker/contexts: syncNoop
-------------------------------------------------------------------------------->8
-------------------------------------------------------------------------------->8
[2023-05-30T11:59:16.659437547Z][docker-desktop-user-distro][I] linkPathToWindows windowsPath = /mnt/c/Users/tommy/.aws, linkPath = <HOME>/.aws
[2023-05-30T11:59:16.678406339Z][docker-desktop-user-distro][I] no need to symlink <HOME>/.aws to /mnt/c/Users/tommy/.aws: they are the same path already
-------------------------------------------------------------------------------->8
-------------------------------------------------------------------------------->8
[2023-05-30T11:59:18.391782687Z][docker-desktop-user-distro][I] linkPathToWindows windowsPath = /mnt/c/Users/tommy/.azure, linkPath = <HOME>/.azure
[2023-05-30T11:59:18.424911386Z][docker-desktop-user-distro][I] no need to symlink <HOME>/.azure to /mnt/c/Users/tommy/.azure: they are the same path already
-------------------------------------------------------------------------------->8
-------------------------------------------------------------------------------->8
[2023-05-30T11:59:20.072681335Z][docker-desktop-user-distro][I] linkPathToWindows windowsPath = /mnt/c/Users/tommy/.docker/features.json, linkPath = ~/.docker/features.json
-------------------------------------------------------------------------------->8
-------------------------------------------------------------------------------->8
[2023-05-31T11:01:35.644751647Z][docker-desktop-user-distro][I] syncContextStores <HOME>/.docker/contexts <-> /mnt/c/Users/tommy/.docker/contexts
[2023-05-31T11:01:35.793093348Z][docker-desktop-user-distro][I] syncContextStores <HOME>/.docker/contexts <-> /mnt/c/Users/tommy/.docker/contexts: syncNoop
-------------------------------------------------------------------------------->8
-------------------------------------------------------------------------------->8
[2023-05-31T11:01:41.584100976Z][docker-desktop-user-distro][I] linkPathToWindows windowsPath = /mnt/c/Users/tommy/.aws, linkPath = <HOME>/.aws
[2023-05-31T11:01:41.940374178Z][docker-desktop-user-distro][I] no need to symlink <HOME>/.aws to /mnt/c/Users/tommy/.aws: they are the same path already
-------------------------------------------------------------------------------->8
-------------------------------------------------------------------------------->8
[2023-05-31T11:01:46.503297897Z][docker-desktop-user-distro][I] linkPathToWindows windowsPath = /mnt/c/Users/tommy/.azure, linkPath = <HOME>/.azure
[2023-05-31T11:01:47.230080601Z][docker-desktop-user-distro][I] no need to symlink <HOME>/.azure to /mnt/c/Users/tommy/.azure: they are the same path already
-------------------------------------------------------------------------------->8
-------------------------------------------------------------------------------->8
[2023-05-31T11:01:54.314557037Z][docker-desktop-user-distro][I] linkPathToWindows windowsPath = /mnt/c/Users/tommy/.docker/features.json, linkPath = ~/.docker/features.json
-------------------------------------------------------------------------------->8
-------------------------------------------------------------------------------->8
[2023-06-01T12:34:01.684290276Z][docker-desktop-user-distro][I] syncContextStores <HOME>/.docker/contexts <-> /mnt/c/Users/tommy/.docker/contexts
[2023-06-01T12:34:01.744879469Z][docker-desktop-user-distro][I] syncContextStores <HOME>/.docker/contexts <-> /mnt/c/Users/tommy/.docker/contexts: syncNoop
-------------------------------------------------------------------------------->8
-------------------------------------------------------------------------------->8
[2023-06-01T12:34:03.622534062Z][docker-desktop-user-distro][I] linkPathToWindows windowsPath = /mnt/c/Users/tommy/.aws, linkPath = <HOME>/.aws
[2023-06-01T12:34:03.680919956Z][docker-desktop-user-distro][I] no need to symlink <HOME>/.aws to /mnt/c/Users/tommy/.aws: they are the same path already
-------------------------------------------------------------------------------->8
-------------------------------------------------------------------------------->8
[2023-06-01T12:34:06.663633357Z][docker-desktop-user-distro][I] linkPathToWindows windowsPath = /mnt/c/Users/tommy/.azure, linkPath = <HOME>/.azure
[2023-06-01T12:34:06.744264559Z][docker-desktop-user-distro][I] no need to symlink <HOME>/.azure to /mnt/c/Users/tommy/.azure: they are the same path already
-------------------------------------------------------------------------------->8
-------------------------------------------------------------------------------->8
[2023-06-01T12:34:09.603688825Z][docker-desktop-user-distro][I] linkPathToWindows windowsPath = /mnt/c/Users/tommy/.docker/features.json, linkPath = ~/.docker/features.json
-------------------------------------------------------------------------------->8
-------------------------------------------------------------------------------->8
[2023-06-02T11:30:16.604055165Z][docker-desktop-user-distro][I] syncContextStores <HOME>/.docker/contexts <-> /mnt/c/Users/tommy/.docker/contexts
[2023-06-02T11:30:16.740454020Z][docker-desktop-user-distro][I] syncContextStores <HOME>/.docker/contexts <-> /mnt/c/Users/tommy/.docker/contexts: syncNoop
-------------------------------------------------------------------------------->8
-------------------------------------------------------------------------------->8
[2023-06-02T11:30:19.407189395Z][docker-desktop-user-distro][I] linkPathToWindows windowsPath = /mnt/c/Users/tommy/.aws, linkPath = <HOME>/.aws
[2023-06-02T11:30:19.456994915Z][docker-desktop-user-distro][I] no need to symlink <HOME>/.aws to /mnt/c/Users/tommy/.aws: they are the same path already
-------------------------------------------------------------------------------->8
-------------------------------------------------------------------------------->8
[2023-06-02T11:30:22.137343539Z][docker-desktop-user-distro][I] linkPathToWindows windowsPath = /mnt/c/Users/tommy/.azure, linkPath = <HOME>/.azure
[2023-06-02T11:30:22.157457140Z][docker-desktop-user-distro][I] no need to symlink <HOME>/.azure to /mnt/c/Users/tommy/.azure: they are the same path already
-------------------------------------------------------------------------------->8
-------------------------------------------------------------------------------->8
[2023-06-02T11:30:23.988889832Z][docker-desktop-user-distro][I] linkPathToWindows windowsPath = /mnt/c/Users/tommy/.docker/features.json, linkPath = ~/.docker/features.json
-------------------------------------------------------------------------------->8
-------------------------------------------------------------------------------->8
[2023-06-02T23:49:59.772053487Z][docker-desktop-user-distro][I] syncContextStores <HOME>/.docker/contexts <-> /mnt/c/Users/tommy/.docker/contexts
[2023-06-02T23:49:59.875592983Z][docker-desktop-user-distro][I] syncContextStores <HOME>/.docker/contexts <-> /mnt/c/Users/tommy/.docker/contexts: syncNoop
-------------------------------------------------------------------------------->8
-------------------------------------------------------------------------------->8
[2023-06-02T23:50:02.665261365Z][docker-desktop-user-distro][I] linkPathToWindows windowsPath = /mnt/c/Users/tommy/.aws, linkPath = <HOME>/.aws
[2023-06-02T23:50:02.739485862Z][docker-desktop-user-distro][I] no need to symlink <HOME>/.aws to /mnt/c/Users/tommy/.aws: they are the same path already
-------------------------------------------------------------------------------->8
-------------------------------------------------------------------------------->8
[2023-06-02T23:50:05.196752058Z][docker-desktop-user-distro][I] linkPathToWindows windowsPath = /mnt/c/Users/tommy/.azure, linkPath = <HOME>/.azure
[2023-06-02T23:50:05.437320148Z][docker-desktop-user-distro][I] no need to symlink <HOME>/.azure to /mnt/c/Users/tommy/.azure: they are the same path already
-------------------------------------------------------------------------------->8
-------------------------------------------------------------------------------->8
[2023-06-02T23:50:07.562843259Z][docker-desktop-user-distro][I] linkPathToWindows windowsPath = /mnt/c/Users/tommy/.docker/features.json, linkPath = ~/.docker/features.json
-------------------------------------------------------------------------------->8
-------------------------------------------------------------------------------->8
[2023-06-03T10:30:12.691625743Z][docker-desktop-user-distro][I] syncContextStores <HOME>/.docker/contexts <-> /mnt/c/Users/tommy/.docker/contexts
[2023-06-03T10:30:12.726951853Z][docker-desktop-user-distro][I] syncContextStores <HOME>/.docker/contexts <-> /mnt/c/Users/tommy/.docker/contexts: syncNoop
-------------------------------------------------------------------------------->8
-------------------------------------------------------------------------------->8
[2023-06-03T10:30:14.707579089Z][docker-desktop-user-distro][I] linkPathToWindows windowsPath = /mnt/c/Users/tommy/.aws, linkPath = <HOME>/.aws
[2023-06-03T10:30:14.786045210Z][docker-desktop-user-distro][I] no need to symlink <HOME>/.aws to /mnt/c/Users/tommy/.aws: they are the same path already
-------------------------------------------------------------------------------->8
-------------------------------------------------------------------------------->8
[2023-06-03T10:30:16.880632838Z][docker-desktop-user-distro][I] linkPathToWindows windowsPath = /mnt/c/Users/tommy/.azure, linkPath = <HOME>/.azure
[2023-06-03T10:30:17.088748777Z][docker-desktop-user-distro][I] no need to symlink <HOME>/.azure to /mnt/c/Users/tommy/.azure: they are the same path already
-------------------------------------------------------------------------------->8
-------------------------------------------------------------------------------->8
[2023-06-03T10:30:19.120868651Z][docker-desktop-user-distro][I] linkPathToWindows windowsPath = /mnt/c/Users/tommy/.docker/features.json, linkPath = ~/.docker/features.json
-------------------------------------------------------------------------------->8
-------------------------------------------------------------------------------->8
[2023-06-03T23:06:16.723352908Z][docker-desktop-user-distro][I] syncContextStores <HOME>/.docker/contexts <-> /mnt/c/Users/tommy/.docker/contexts
[2023-06-03T23:06:16.770971201Z][docker-desktop-user-distro][I] syncContextStores <HOME>/.docker/contexts <-> /mnt/c/Users/tommy/.docker/contexts: syncNoop
-------------------------------------------------------------------------------->8
-------------------------------------------------------------------------------->8
[2023-06-03T23:06:18.744923895Z][docker-desktop-user-distro][I] linkPathToWindows windowsPath = /mnt/c/Users/tommy/.aws, linkPath = <HOME>/.aws
[2023-06-03T23:06:18.787566298Z][docker-desktop-user-distro][I] no need to symlink <HOME>/.aws to /mnt/c/Users/tommy/.aws: they are the same path already
-------------------------------------------------------------------------------->8
-------------------------------------------------------------------------------->8
[2023-06-03T23:06:20.776728941Z][docker-desktop-user-distro][I] linkPathToWindows windowsPath = /mnt/c/Users/tommy/.azure, linkPath = <HOME>/.azure
[2023-06-03T23:06:20.826379444Z][docker-desktop-user-distro][I] no need to symlink <HOME>/.azure to /mnt/c/Users/tommy/.azure: they are the same path already
-------------------------------------------------------------------------------->8
-------------------------------------------------------------------------------->8
[2023-06-03T23:06:22.961445597Z][docker-desktop-user-distro][I] linkPathToWindows windowsPath = /mnt/c/Users/tommy/.docker/features.json, linkPath = ~/.docker/features.json
